Arguments: 
  /usr/bin/node /usr/local/bin/yarn install

PATH: 
  /usr/local/sbin:/usr/local/bin:/usr/sbin:/usr/bin:/sbin:/bin:/usr/games:/usr/local/games:/snap/bin

Yarn version: 
  1.17.3

Node version: 
  8.10.0

Platform: 
  linux x64

Trace: 
  TypeError: Path must be a string. Received true
      at assertPath (path.js:28:11)
      at Object.isAbsolute (path.js:1225:5)
      at module.exports.exports.default (/usr/local/lib/node_modules/yarn/lib/cli.js:100745:16)
      at /usr/local/lib/node_modules/yarn/lib/cli.js:51488:63
      at Generator.next (<anonymous>)
      at step (/usr/local/lib/node_modules/yarn/lib/cli.js:304:30)
      at /usr/local/lib/node_modules/yarn/lib/cli.js:315:13
      at <anonymous>

npm manifest: 
  {
  
    "name": "ai_alignment",
    "version": "0.1.0",
    "private": true,
    "devDependencies": {
      "webpack-dev-server": "^3.8.0",
      "react-scripts": "2.1.8",
      "private": true
    },
    "dependencies": {
      "bootstrap": "^4.3.1",
      "classnames": "^2.2.5",
      "eslint-plugin-jsx-a11y": "^6.2.1",
      "lodash": "^4.17.13",
      "react-bootstrap": "^1.0.0-beta.8",
      "react-social-icons": "^2.7.0",
      "save-dev": "^2.0.0",
      "@babel/preset-react": "^7.0.0",
      "@rails/webpacker": "^4.0.7",
      "babel-plugin-transform-react-remove-prop-types": "^0.4.24",
      "prop-types": "^15.7.2",
      "react": "^16.9.0",
      "react-dom": "^16.9.0"
    },
    "scripts": {
      "start": "react-scripts start",
      "build": "react-scripts build",
      "test": "react-scripts test",
      "eject": "react-scripts eject"
    },
    "eslintConfig": {
      "extends": "react-app"
    },
    "browserslist": [
      ">0.2%",
      "not dead",
      "not ie <= 11",
      "not op_mini all"
    ]
  
    
  
  }

yarn manifest: 
  No manifest

Lockfile: 
  
